--------------------------------------------------------------------------------
Release 14.6 Trace  (lin64)
Copyright (c) 1995-2013 Xilinx, Inc.  All rights reserved.

/opt/Xilinx/14.6/ISE_DS/ISE/bin/lin64/unwrapped/trce -filter
/home/piter/fpga/projects/buses/iseconfig/filter.filter -intstyle ise -v 3 -s 3
-n 3 -fastpaths -xml leds.twx leds.ncd -o leds.twr leds.pcf -ucf
constraints1.ucf

Design file:              leds.ncd
Physical constraint file: leds.pcf
Device,package,speed:     xc6slx45,csg324,C,-3 (PRODUCTION 1.23 2013-06-08)
Report level:             verbose report

Environment Variable      Effect 
--------------------      ------ 
NONE                      No environment variables were set
--------------------------------------------------------------------------------

INFO:Timing:2698 - No timing constraints found, doing default enumeration.
INFO:Timing:3412 - To improve timing, see the Timing Closure User Guide (UG612).
INFO:Timing:2752 - To get complete path coverage, use the unconstrained paths 
   option. All paths that are not constrained will be reported in the 
   unconstrained paths section(s) of the report.
INFO:Timing:3339 - The clock-to-out numbers in this timing report are based on 
   a 50 Ohm transmission line loading model.  For the details of this model, 
   and for more information on accounting for different loading conditions, 
   please see the device datasheet.



Data Sheet report:
-----------------
All values displayed in nanoseconds (ns)

Pad to Pad
---------------+---------------+---------+
Source Pad     |Destination Pad|  Delay  |
---------------+---------------+---------+
switches<0>    |LED2<1>        |   16.000|
switches<0>    |LED<1>         |   12.949|
switches<1>    |LED2<0>        |   13.519|
switches<1>    |LED<2>         |   11.586|
switches<2>    |LED<3>         |   12.232|
switches<3>    |LED<4>         |    7.856|
switches<4>    |LED<5>         |   15.965|
---------------+---------------+---------+


Analysis completed Sat Oct 26 20:31:25 2013 
--------------------------------------------------------------------------------

Trace Settings:
-------------------------
Trace Settings 

Peak Memory Usage: 434 MB



