Release 14.6 - xst P.68d (lin64)
Copyright (c) 1995-2013 Xilinx, Inc.  All rights reserved.
--> 
Parameter TMPDIR set to xst/projnav.tmp


Total REAL time to Xst completion: 0.00 secs
Total CPU time to Xst completion: 0.06 secs
 
--> 
Parameter xsthdpdir set to xst


Total REAL time to Xst completion: 0.00 secs
Total CPU time to Xst completion: 0.06 secs
 
--> 
Reading design: vhdlmodule1.prj

TABLE OF CONTENTS
  1) Synthesis Options Summary
  2) HDL Parsing
  3) HDL Elaboration
  4) HDL Synthesis
       4.1) HDL Synthesis Report
  5) Advanced HDL Synthesis
       5.1) Advanced HDL Synthesis Report
  6) Low Level Synthesis
  7) Partition Report
  8) Design Summary
       8.1) Primitive and Black Box Usage
       8.2) Device utilization summary
       8.3) Partition Resource Summary
       8.4) Timing Report
            8.4.1) Clock Information
            8.4.2) Asynchronous Control Signals Information
            8.4.3) Timing Summary
            8.4.4) Timing Details
            8.4.5) Cross Clock Domains Report


=========================================================================
*                      Synthesis Options Summary                        *
=========================================================================
---- Source Parameters
Input File Name                    : "vhdlmodule1.prj"
Ignore Synthesis Constraint File   : NO

---- Target Parameters
Output File Name                   : "vhdlmodule1"
Output Format                      : NGC
Target Device                      : xc6slx45-3-csg324

---- Source Options
Top Module Name                    : vhdlmodule1
Automatic FSM Extraction           : YES
FSM Encoding Algorithm             : Auto
Safe Implementation                : No
FSM Style                          : LUT
RAM Extraction                     : Yes
RAM Style                          : Auto
ROM Extraction                     : Yes
Shift Register Extraction          : YES
ROM Style                          : Auto
Resource Sharing                   : YES
Asynchronous To Synchronous        : NO
Shift Register Minimum Size        : 2
Use DSP Block                      : Auto
Automatic Register Balancing       : No

---- Target Options
LUT Combining                      : Auto
Reduce Control Sets                : Auto
Add IO Buffers                     : YES
Global Maximum Fanout              : 100000
Add Generic Clock Buffer(BUFG)     : 16
Register Duplication               : YES
Optimize Instantiated Primitives   : NO
Use Clock Enable                   : Auto
Use Synchronous Set                : Auto
Use Synchronous Reset              : Auto
Pack IO Registers into IOBs        : Auto
Equivalent register Removal        : YES

---- General Options
Optimization Goal                  : Speed
Optimization Effort                : 1
Power Reduction                    : NO
Keep Hierarchy                     : No
Netlist Hierarchy                  : As_Optimized
RTL Output                         : Yes
Global Optimization                : AllClockNets
Read Cores                         : YES
Write Timing Constraints           : NO
Cross Clock Analysis               : NO
Hierarchy Separator                : /
Bus Delimiter                      : <>
Case Specifier                     : Maintain
Slice Utilization Ratio            : 100
BRAM Utilization Ratio             : 100
DSP48 Utilization Ratio            : 100
Auto BRAM Packing                  : NO
Slice Utilization Ratio Delta      : 5

=========================================================================


=========================================================================
*                          HDL Parsing                                  *
=========================================================================
Parsing VHDL file "/home/piter/fpga/projects/leds_clock/vhdlmodule1.vhd" into library work
Parsing entity <vhdlmodule1>.
Parsing architecture <Behavioral> of entity <vhdlmodule1>.

=========================================================================
*                            HDL Elaboration                            *
=========================================================================

Elaborating entity <vhdlmodule1> (architecture <Behavioral>) from library <work>.

=========================================================================
*                           HDL Synthesis                               *
=========================================================================

Synthesizing Unit <vhdlmodule1>.
    Related source file is "/home/piter/fpga/projects/leds_clock/vhdlmodule1.vhd".
    Found 7-bit register for signal <LED>.
    Found 1-bit register for signal <AN1>.
    Found 1-bit register for signal <AN2>.
    Found 1-bit register for signal <AN3>.
    Found 13-bit register for signal <CTR>.
    Found 1-bit register for signal <AN0>.
    Found 13-bit adder for signal <CTR[12]_GND_5_o_add_6_OUT> created at line 54.
    Found 13-bit comparator greater for signal <PWR_5_o_CTR[12]_LessThan_8_o> created at line 55
    Summary:
	inferred   1 Adder/Subtractor(s).
	inferred  24 D-type flip-flop(s).
	inferred   1 Comparator(s).
	inferred   1 Multiplexer(s).
Unit <vhdlmodule1> synthesized.

=========================================================================
HDL Synthesis Report

Macro Statistics
# Adders/Subtractors                                   : 1
 13-bit adder                                          : 1
# Registers                                            : 6
 1-bit register                                        : 4
 13-bit register                                       : 1
 7-bit register                                        : 1
# Comparators                                          : 1
 13-bit comparator greater                             : 1
# Multiplexers                                         : 1
 7-bit 2-to-1 multiplexer                              : 1

=========================================================================

=========================================================================
*                       Advanced HDL Synthesis                          *
=========================================================================


Synthesizing (advanced) Unit <vhdlmodule1>.
The following registers are absorbed into counter <CTR>: 1 register on signal <CTR>.
Unit <vhdlmodule1> synthesized (advanced).

=========================================================================
Advanced HDL Synthesis Report

Macro Statistics
# Counters                                             : 1
 13-bit up counter                                     : 1
# Registers                                            : 11
 Flip-Flops                                            : 11
# Comparators                                          : 1
 13-bit comparator greater                             : 1

=========================================================================

=========================================================================
*                         Low Level Synthesis                           *
=========================================================================
WARNING:Xst:1710 - FF/Latch <LED_4> (without init value) has a constant value of 0 in block <vhdlmodule1>. This FF/Latch will be trimmed during the optimization process.
WARNING:Xst:1895 - Due to other FF/Latch trimming, FF/Latch <LED_6> (without init value) has a constant value of 0 in block <vhdlmodule1>. This FF/Latch will be trimmed during the optimization process.
INFO:Xst:2261 - The FF/Latch <LED_0> in Unit <vhdlmodule1> is equivalent to the following FF/Latch, which will be removed : <LED_5> 

Optimizing unit <vhdlmodule1> ...
INFO:Xst:3203 - The FF/Latch <LED_2> in Unit <vhdlmodule1> is the opposite to the following FF/Latch, which will be removed : <LED_3> 

Mapping all equations...
Building and optimizing final netlist ...
Found area constraint ratio of 100 (+ 5) on block vhdlmodule1, actual ratio is 0.

Final Macro Processing ...

=========================================================================
Final Register Report

Macro Statistics
# Registers                                            : 20
 Flip-Flops                                            : 20

=========================================================================

=========================================================================
*                           Partition Report                            *
=========================================================================

Partition Implementation Status
-------------------------------

  No Partitions were found in this design.

-------------------------------

=========================================================================
*                            Design Summary                             *
=========================================================================

Top Level Output File Name         : vhdlmodule1.ngc

Primitive and Black Box Usage:
------------------------------
# BELS                             : 70
#      GND                         : 1
#      INV                         : 2
#      LUT1                        : 12
#      LUT2                        : 1
#      LUT3                        : 1
#      LUT4                        : 13
#      LUT5                        : 1
#      LUT6                        : 13
#      MUXCY                       : 12
#      VCC                         : 1
#      XORCY                       : 13
# FlipFlops/Latches                : 20
#      FD                          : 20
# Clock Buffers                    : 1
#      BUFGP                       : 1
# IO Buffers                       : 11
#      OBUF                        : 11

Device utilization summary:
---------------------------

Selected Device : 6slx45csg324-3 


Slice Logic Utilization: 
 Number of Slice Registers:              20  out of  54576     0%  
 Number of Slice LUTs:                   43  out of  27288     0%  
    Number used as Logic:                43  out of  27288     0%  

Slice Logic Distribution: 
 Number of LUT Flip Flop pairs used:     43
   Number with an unused Flip Flop:      23  out of     43    53%  
   Number with an unused LUT:             0  out of     43     0%  
   Number of fully used LUT-FF pairs:    20  out of     43    46%  
   Number of unique control sets:         1

IO Utilization: 
 Number of IOs:                          12
 Number of bonded IOBs:                  12  out of    218     5%  

Specific Feature Utilization:
 Number of BUFG/BUFGCTRLs:                1  out of     16     6%  

---------------------------
Partition Resource Summary:
---------------------------

  No Partitions were found in this design.

---------------------------


=========================================================================
Timing Report

NOTE: THESE TIMING NUMBERS ARE ONLY A SYNTHESIS ESTIMATE.
      FOR ACCURATE TIMING INFORMATION PLEASE REFER TO THE TRACE REPORT
      GENERATED AFTER PLACE-and-ROUTE.

Clock Information:
------------------
-----------------------------------+------------------------+-------+
Clock Signal                       | Clock buffer(FF name)  | Load  |
-----------------------------------+------------------------+-------+
CLKIN                              | BUFGP                  | 20    |
-----------------------------------+------------------------+-------+

Asynchronous Control Signals Information:
----------------------------------------
No asynchronous control signals found in this design

Timing Summary:
---------------
Speed Grade: -3

   Minimum period: 3.975ns (Maximum Frequency: 251.588MHz)
   Minimum input arrival time before clock: No path found
   Maximum output required time after clock: 4.485ns
   Maximum combinational path delay: No path found

Timing Details:
---------------
All values displayed in nanoseconds (ns)

=========================================================================
Timing constraint: Default period analysis for Clock 'CLKIN'
  Clock period: 3.975ns (frequency: 251.588MHz)
  Total number of paths / destination ports: 404 / 20
-------------------------------------------------------------------------
Delay:               3.975ns (Levels of Logic = 3)
  Source:            CTR_7 (FF)
  Destination:       AN3 (FF)
  Source Clock:      CLKIN rising
  Destination Clock: CLKIN rising

  Data Path: CTR_7 to AN3
                                Gate     Net
    Cell:in->out      fanout   Delay   Delay  Logical Name (Net Name)
    ----------------------------------------  ------------
     FD:C->Q               3   0.447   1.015  CTR_7 (CTR_7)
     LUT6:I0->O            7   0.203   1.118  CTR[12]_GND_5_o_equal_1_o<12>2 (CTR[12]_GND_5_o_equal_1_o<12>1)
     LUT6:I1->O            1   0.203   0.684  AN3_rstpot_G (N12)
     LUT3:I1->O            1   0.203   0.000  AN3_rstpot1 (AN3_rstpot)
     FD:D                      0.102          AN3
    ----------------------------------------
    Total                      3.975ns (1.158ns logic, 2.817ns route)
                                       (29.1% logic, 70.9% route)

=========================================================================
Timing constraint: Default OFFSET OUT AFTER for Clock 'CLKIN'
  Total number of paths / destination ports: 9 / 9
-------------------------------------------------------------------------
Offset:              4.485ns (Levels of Logic = 2)
  Source:            LED_2 (FF)
  Destination:       LED<3> (PAD)
  Source Clock:      CLKIN rising

  Data Path: LED_2 to LED<3>
                                Gate     Net
    Cell:in->out      fanout   Delay   Delay  Logical Name (Net Name)
    ----------------------------------------  ------------
     FD:C->Q               4   0.447   0.683  LED_2 (LED_2)
     INV:I->O              1   0.206   0.579  LED<2>_inv1_INV_0 (LED_3_OBUF)
     OBUF:I->O                 2.571          LED_3_OBUF (LED<3>)
    ----------------------------------------
    Total                      4.485ns (3.224ns logic, 1.261ns route)
                                       (71.9% logic, 28.1% route)

=========================================================================

Cross Clock Domains Report:
--------------------------

Clock to Setup on destination clock CLKIN
---------------+---------+---------+---------+---------+
               | Src:Rise| Src:Fall| Src:Rise| Src:Fall|
Source Clock   |Dest:Rise|Dest:Rise|Dest:Fall|Dest:Fall|
---------------+---------+---------+---------+---------+
CLKIN          |    3.975|         |         |         |
---------------+---------+---------+---------+---------+

=========================================================================


Total REAL time to Xst completion: 7.00 secs
Total CPU time to Xst completion: 6.67 secs
 
--> 


Total memory usage is 392896 kilobytes

Number of errors   :    0 (   0 filtered)
Number of warnings :    2 (   0 filtered)
Number of infos    :    2 (   0 filtered)

