--------------------------------------------------------------------------------
Release 14.6 Trace  (lin64)
Copyright (c) 1995-2013 Xilinx, Inc.  All rights reserved.

/opt/Xilinx/14.6/ISE_DS/ISE/bin/lin64/unwrapped/trce -intstyle ise -v 3 -s 3 -n
3 -fastpaths -xml binary_operations.twx binary_operations.ncd -o
binary_operations.twr binary_operations.pcf -ucf constraints.ucf

Design file:              binary_operations.ncd
Physical constraint file: binary_operations.pcf
Device,package,speed:     xc6slx45,csg324,C,-3 (PRODUCTION 1.23 2013-06-08)
Report level:             verbose report

Environment Variable      Effect 
--------------------      ------ 
NONE                      No environment variables were set
--------------------------------------------------------------------------------

INFO:Timing:2698 - No timing constraints found, doing default enumeration.
INFO:Timing:3412 - To improve timing, see the Timing Closure User Guide (UG612).
INFO:Timing:2752 - To get complete path coverage, use the unconstrained paths 
   option. All paths that are not constrained will be reported in the 
   unconstrained paths section(s) of the report.
INFO:Timing:3339 - The clock-to-out numbers in this timing report are based on 
   a 50 Ohm transmission line loading model.  For the details of this model, 
   and for more information on accounting for different loading conditions, 
   please see the device datasheet.



Data Sheet report:
-----------------
All values displayed in nanoseconds (ns)

Pad to Pad
---------------+---------------+---------+
Source Pad     |Destination Pad|  Delay  |
---------------+---------------+---------+
switch0        |LED0           |   13.954|
switch0        |LED1           |   13.977|
switch0        |LED2           |   14.159|
switch0        |LED3           |   14.557|
switch0        |LED4           |   13.805|
switch0        |LED5           |   14.495|
switch0        |LED6           |   15.244|
switch0        |LED7           |   15.393|
switch1        |LED0           |   13.607|
switch1        |LED1           |   13.630|
switch1        |LED2           |   13.812|
switch1        |LED3           |   14.210|
switch1        |LED5           |   14.507|
switch1        |LED6           |   15.256|
switch1        |LED7           |   15.046|
---------------+---------------+---------+


Analysis completed Sun Oct 20 20:16:42 2013 
--------------------------------------------------------------------------------

Trace Settings:
-------------------------
Trace Settings 

Peak Memory Usage: 434 MB



