--------------------------------------------------------------------------------
Release 14.6 Trace  (lin64)
Copyright (c) 1995-2013 Xilinx, Inc.  All rights reserved.

/opt/Xilinx/14.6/ISE_DS/ISE/bin/lin64/unwrapped/trce -filter
/home/piter/fpga/projects/binary_addition/iseconfig/filter.filter -intstyle ise
-v 3 -s 3 -n 3 -fastpaths -xml module1.twx module1.ncd -o module1.twr
module1.pcf -ucf constraints.ucf

Design file:              module1.ncd
Physical constraint file: module1.pcf
Device,package,speed:     xc6slx45,csg324,C,-3 (PRODUCTION 1.23 2013-06-08)
Report level:             verbose report

Environment Variable      Effect 
--------------------      ------ 
NONE                      No environment variables were set
--------------------------------------------------------------------------------

INFO:Timing:2698 - No timing constraints found, doing default enumeration.
INFO:Timing:3412 - To improve timing, see the Timing Closure User Guide (UG612).
INFO:Timing:2752 - To get complete path coverage, use the unconstrained paths 
   option. All paths that are not constrained will be reported in the 
   unconstrained paths section(s) of the report.
INFO:Timing:3339 - The clock-to-out numbers in this timing report are based on 
   a 50 Ohm transmission line loading model.  For the details of this model, 
   and for more information on accounting for different loading conditions, 
   please see the device datasheet.



Data Sheet report:
-----------------
All values displayed in nanoseconds (ns)

Pad to Pad
---------------+---------------+---------+
Source Pad     |Destination Pad|  Delay  |
---------------+---------------+---------+
switches<0>    |LED<0>         |   13.343|
switches<0>    |LED<1>         |   13.423|
switches<1>    |LED<1>         |   13.555|
switches<4>    |LED<0>         |   10.522|
switches<4>    |LED<1>         |   10.602|
switches<5>    |LED<1>         |   12.040|
---------------+---------------+---------+


Analysis completed Sun Oct 27 21:35:18 2013 
--------------------------------------------------------------------------------

Trace Settings:
-------------------------
Trace Settings 

Peak Memory Usage: 434 MB



